<?xml version="1.0" encoding="UTF-8"?>
<testsuite xmlns:xsi="http://www.w3.org/2001/XMLSchema-instance" xsi:noNamespaceSchemaLocation="https://maven.apache.org/surefire/maven-surefire-plugin/xsd/surefire-test-report.xsd" name="edu.gmu.cs321.RequestFormTest" time="0" tests="7" errors="0" skipped="0" failures="0">
  <properties>
[...]
</properties>
  <testcase name="validateForm_missingRequestorName_formInvalid" classname="edu.gmu.cs321.RequestFormTest" time="0"/>
  <testcase name="validateForm_nonUSCitizen_formInvalid" classname="edu.gmu.cs321.RequestFormTest" time="0"/>
  <testcase name="validateForm_nonLegibleForm_formInvalid" classname="edu.gmu.cs321.RequestFormTest" time="0"/>
  <testcase name="createRequestForm_validData_objectCreatedCorrectly" classname="edu.gmu.cs321.RequestFormTest" time="0"/>
  <testcase name="validateForm_validData_formValid" classname="edu.gmu.cs321.RequestFormTest" time="0"/>
  <testcase name="setters_invalidData_throwsIllegalArgumentException" classname="edu.gmu.cs321.RequestFormTest" time="0"/>
  <testcase name="settersAndGetters_validData_updatedCorrectly" classname="edu.gmu.cs321.RequestFormTest" time="0"/>
</testsuite>